Started iteration:  biased_diff
Started iteration:  biased_same
Started iteration:  bridge_diff
Started iteration:  bridge_same
Runtime was complete:   663 mins 47.75235104560852s

Started iteration:  random_0.1
Started iteration:  random_0.5
Started iteration:  random_0.9
Runtime was complete:   358 mins 2.7552788257598877s

Started iteration:  random_0.5_stubbornness_0.1
Started iteration:  random_0.5_stubbornness_0.325
Started iteration:  random_0.5_stubbornness_0.55
Started iteration:  random_0.5_stubbornness_0.775
Started iteration:  random_0.5_stubbornness_1.0
Runtime was complete:   333 mins 35.59323215484619s

Started iteration:  random_0.5_politicalClimate_0.01
Started iteration:  random_0.5_politicalClimate_0.0325
Started iteration:  random_0.5_politicalClimate_0.05500000000000001
Started iteration:  random_0.5_politicalClimate_0.0775
Started iteration:  random_0.5_politicalClimate_0.1
Runtime was complete:   335 mins 27.850883722305298s

Started iteration:  biased_0.5_stubbornness_0.1
Started iteration:  biased_0.5_stubbornness_0.325
Started iteration:  biased_0.5_stubbornness_0.55
Started iteration:  biased_0.5_stubbornness_0.775
Started iteration:  biased_0.5_stubbornness_1.0
Started iteration:  bridge_0.5_stubbornness_0.1
Started iteration:  bridge_0.5_stubbornness_0.325
Started iteration:  bridge_0.5_stubbornness_0.55
Started iteration:  bridge_0.5_stubbornness_0.775
Started iteration:  bridge_0.5_stubbornness_1.0
Runtime was complete:  1078 mins 28.898895502090454s

Started iteration:  biased_0.5_politicalClimate_0.01
Started iteration:  biased_0.5_politicalClimate_0.0325
Started iteration:  biased_0.5_politicalClimate_0.05500000000000001
Started iteration:  biased_0.5_politicalClimate_0.0775
Started iteration:  biased_0.5_politicalClimate_0.1
Started iteration:  bridge_0.5_politicalClimate_0.01
Started iteration:  bridge_0.5_politicalClimate_0.0325
Started iteration:  bridge_0.5_politicalClimate_0.05500000000000001
Started iteration:  bridge_0.5_politicalClimate_0.0775
Started iteration:  bridge_0.5_politicalClimate_0.1
Runtime was complete:  1106 mins 45.3226273059845s

Started iteration:  biased_0.5_stubbornness_0.1
Started iteration:  biased_0.5_stubbornness_0.325
Started iteration:  biased_0.5_stubbornness_0.55
Started iteration:  biased_0.5_stubbornness_0.775
Started iteration:  biased_0.5_stubbornness_1.0
Started iteration:  bridge_0.5_stubbornness_0.1
Started iteration:  bridge_0.5_stubbornness_0.325
Started iteration:  bridge_0.5_stubbornness_0.55
Started iteration:  bridge_0.5_stubbornness_0.775
Started iteration:  bridge_0.5_stubbornness_1.0
Runtime was complete:   718 mins 47.62042856216431s

Started iteration:  biased_0.5_politicalClimate_0.01
Started iteration:  biased_0.5_politicalClimate_0.0325
Started iteration:  biased_0.5_politicalClimate_0.05500000000000001
Started iteration:  biased_0.5_politicalClimate_0.0775
Started iteration:  biased_0.5_politicalClimate_0.1
Started iteration:  bridge_0.5_politicalClimate_0.01
Started iteration:  bridge_0.5_politicalClimate_0.0325
Started iteration:  bridge_0.5_politicalClimate_0.05500000000000001
Started iteration:  bridge_0.5_politicalClimate_0.0775
Started iteration:  bridge_0.5_politicalClimate_0.1
Runtime was complete:   699 mins 20.22236466407776s

Started iteration:  biased_0.5_stubbornness_0.1
Started iteration:  biased_0.5_stubbornness_0.325
Started iteration:  biased_0.5_stubbornness_0.55
Started iteration:  biased_0.5_stubbornness_0.775
Started iteration:  biased_0.5_stubbornness_1.0
Started iteration:  bridge_0.5_stubbornness_0.1
Started iteration:  bridge_0.5_stubbornness_0.325
Started iteration:  bridge_0.5_stubbornness_0.55
Started iteration:  bridge_0.5_stubbornness_0.775
Started iteration:  bridge_0.5_stubbornness_1.0
Runtime was complete:   859 mins 19.02110266685486s

Started iteration:  biased_0.5_politicalClimate_0.01
Started iteration:  biased_0.5_politicalClimate_0.0325
Started iteration:  biased_0.5_politicalClimate_0.05500000000000001
Started iteration:  biased_0.5_politicalClimate_0.0775
Started iteration:  biased_0.5_politicalClimate_0.1
Started iteration:  bridge_0.5_politicalClimate_0.01
Started iteration:  bridge_0.5_politicalClimate_0.0325
Started iteration:  bridge_0.5_politicalClimate_0.05500000000000001
Started iteration:  bridge_0.5_politicalClimate_0.0775
Started iteration:  bridge_0.5_politicalClimate_0.1
Runtime was complete:   887 mins 7.405146598815918s

Started iteration:  biased_0.5_stubbornness_0.1
Started iteration:  biased_0.5_stubbornness_0.325
Started iteration:  biased_0.5_stubbornness_0.55
Started iteration:  biased_0.5_stubbornness_0.775
Started iteration:  biased_0.5_stubbornness_1.0
Started iteration:  bridge_0.5_stubbornness_0.1
Started iteration:  bridge_0.5_stubbornness_0.325
Started iteration:  bridge_0.5_stubbornness_0.55
Started iteration:  bridge_0.5_stubbornness_0.775
Started iteration:  bridge_0.5_stubbornness_1.0
Runtime was complete:   914 mins 51.79568314552307s

Started iteration:  biased_0.5_politicalClimate_0.01
Started iteration:  biased_0.5_politicalClimate_0.0325
Started iteration:  biased_0.5_politicalClimate_0.05500000000000001
Started iteration:  biased_0.5_politicalClimate_0.0775
Started iteration:  biased_0.5_politicalClimate_0.1
Started iteration:  bridge_0.5_politicalClimate_0.01
Started iteration:  bridge_0.5_politicalClimate_0.0325
Started iteration:  bridge_0.5_politicalClimate_0.05500000000000001
Started iteration:  bridge_0.5_politicalClimate_0.0775
Started iteration:  bridge_0.5_politicalClimate_0.1
Runtime was complete:   946 mins 55.83287739753723s

Started iteration:  biased_0.5_stubbornness_0.01
Started iteration:  biased_0.5_stubbornness_0.0325
Started iteration:  biased_0.5_stubbornness_0.05500000000000001
Started iteration:  biased_0.5_stubbornness_0.0775
Started iteration:  biased_0.5_stubbornness_0.1
Started iteration:  bridge_0.5_stubbornness_0.01
Started iteration:  bridge_0.5_stubbornness_0.0325
Started iteration:  bridge_0.5_stubbornness_0.05500000000000001
Started iteration:  bridge_0.5_stubbornness_0.0775
Started iteration:  bridge_0.5_stubbornness_0.1
Runtime was complete:   945 mins 27.070433139801025s

Started iteration:  biased_0.5_politicalClimate_0.01
Started iteration:  biased_0.5_politicalClimate_0.015
Started iteration:  biased_0.5_politicalClimate_0.019999999999999997
Started iteration:  biased_0.5_politicalClimate_0.024999999999999998
Started iteration:  biased_0.5_politicalClimate_0.03
Started iteration:  bridge_0.5_politicalClimate_0.01
Started iteration:  bridge_0.5_politicalClimate_0.015
Started iteration:  bridge_0.5_politicalClimate_0.019999999999999997
Started iteration:  bridge_0.5_politicalClimate_0.024999999999999998
Started iteration:  bridge_0.5_politicalClimate_0.03
Runtime was complete:   986 mins 7.364897012710571s

Started iteration:  biased_0.5_politicalClimate_0.001
Started iteration:  biased_0.5_politicalClimate_0.0032500000000000003
Started iteration:  biased_0.5_politicalClimate_0.0055000000000000005
Started iteration:  biased_0.5_politicalClimate_0.007750000000000001
Started iteration:  biased_0.5_politicalClimate_0.01
Started iteration:  bridge_0.5_politicalClimate_0.001
Started iteration:  bridge_0.5_politicalClimate_0.0032500000000000003
Started iteration:  bridge_0.5_politicalClimate_0.0055000000000000005
Started iteration:  bridge_0.5_politicalClimate_0.007750000000000001
Started iteration:  bridge_0.5_politicalClimate_0.01
Runtime was complete:  1617 mins 43.79326415061951s

Started iteration:  random_0.5_stubbornness_0.08
Started iteration:  random_0.5_stubbornness_0.08242424242424243
Started iteration:  random_0.5_stubbornness_0.08484848484848485
Started iteration:  random_0.5_stubbornness_0.08727272727272728
Started iteration:  random_0.5_stubbornness_0.08969696969696969
Started iteration:  random_0.5_stubbornness_0.09212121212121212
Started iteration:  random_0.5_stubbornness_0.09454545454545454
Started iteration:  random_0.5_stubbornness_0.09696969696969697
Started iteration:  random_0.5_stubbornness_0.0993939393939394
Started iteration:  random_0.5_stubbornness_0.10181818181818182
Started iteration:  random_0.5_stubbornness_0.10424242424242425
Started iteration:  random_0.5_stubbornness_0.10666666666666666
Started iteration:  random_0.5_stubbornness_0.1090909090909091
Started iteration:  random_0.5_stubbornness_0.11151515151515151
Started iteration:  random_0.5_stubbornness_0.11393939393939394
Started iteration:  random_0.5_stubbornness_0.11636363636363636
Started iteration:  random_0.5_stubbornness_0.11878787878787879
Started iteration:  random_0.5_stubbornness_0.12121212121212122
Started iteration:  random_0.5_stubbornness_0.12363636363636364
Started iteration:  random_0.5_stubbornness_0.12606060606060607
Started iteration:  random_0.5_stubbornness_0.12848484848484848
Started iteration:  random_0.5_stubbornness_0.13090909090909092
Started iteration:  random_0.5_stubbornness_0.13333333333333333
Started iteration:  random_0.5_stubbornness_0.13575757575757574
Started iteration:  random_0.5_stubbornness_0.13818181818181818
Started iteration:  random_0.5_stubbornness_0.14060606060606062
Started iteration:  random_0.5_stubbornness_0.14303030303030304
Started iteration:  random_0.5_stubbornness_0.14545454545454545
Started iteration:  random_0.5_stubbornness_0.1478787878787879
Started iteration:  random_0.5_stubbornness_0.1503030303030303
Started iteration:  random_0.5_stubbornness_0.1527272727272727
Started iteration:  random_0.5_stubbornness_0.15515151515151515
Started iteration:  random_0.5_stubbornness_0.1575757575757576
Started iteration:  random_0.5_stubbornness_0.16
Started iteration:  random_0.5_stubbornness_0.16242424242424242
Started iteration:  random_0.5_stubbornness_0.16484848484848486
Started iteration:  random_0.5_stubbornness_0.1672727272727273
Started iteration:  random_0.5_stubbornness_0.16969696969696968
Started iteration:  random_0.5_stubbornness_0.17212121212121212
Started iteration:  random_0.5_stubbornness_0.17454545454545456
Started iteration:  random_0.5_stubbornness_0.17696969696969697
Started iteration:  random_0.5_stubbornness_0.17939393939393938
Started iteration:  random_0.5_stubbornness_0.18181818181818182
Started iteration:  random_0.5_stubbornness_0.18424242424242426
Started iteration:  random_0.5_stubbornness_0.18666666666666665
Started iteration:  random_0.5_stubbornness_0.1890909090909091
Started iteration:  random_0.5_stubbornness_0.19151515151515153
Started iteration:  random_0.5_stubbornness_0.19393939393939394
Started iteration:  random_0.5_stubbornness_0.19636363636363635
Started iteration:  random_0.5_stubbornness_0.1987878787878788
Started iteration:  random_0.5_stubbornness_0.20121212121212123
Started iteration:  random_0.5_stubbornness_0.20363636363636364
Started iteration:  random_0.5_stubbornness_0.20606060606060606
Started iteration:  random_0.5_stubbornness_0.2084848484848485
Started iteration:  random_0.5_stubbornness_0.21090909090909093
Started iteration:  random_0.5_stubbornness_0.21333333333333332
Started iteration:  random_0.5_stubbornness_0.21575757575757576
Started iteration:  random_0.5_stubbornness_0.2181818181818182
Started iteration:  random_0.5_stubbornness_0.22060606060606058
Started iteration:  random_0.5_stubbornness_0.22303030303030302
Started iteration:  random_0.5_stubbornness_0.22545454545454546
Started iteration:  random_0.5_stubbornness_0.2278787878787879
Started iteration:  random_0.5_stubbornness_0.2303030303030303
Started iteration:  random_0.5_stubbornness_0.23272727272727273
Started iteration:  random_0.5_stubbornness_0.23515151515151517
Started iteration:  random_0.5_stubbornness_0.23757575757575755
Started iteration:  random_0.5_stubbornness_0.24
Started iteration:  random_0.5_stubbornness_0.24242424242424243
Started iteration:  random_0.5_stubbornness_0.24484848484848487
Started iteration:  random_0.5_stubbornness_0.24727272727272726
Started iteration:  random_0.5_stubbornness_0.2496969696969697
Started iteration:  random_0.5_stubbornness_0.25212121212121213
Started iteration:  random_0.5_stubbornness_0.2545454545454546
Started iteration:  random_0.5_stubbornness_0.25696969696969696
Started iteration:  random_0.5_stubbornness_0.2593939393939394
Started iteration:  random_0.5_stubbornness_0.26181818181818184
Started iteration:  random_0.5_stubbornness_0.2642424242424242
Started iteration:  random_0.5_stubbornness_0.26666666666666666
Started iteration:  random_0.5_stubbornness_0.2690909090909091
Started iteration:  random_0.5_stubbornness_0.27151515151515154
Started iteration:  random_0.5_stubbornness_0.2739393939393939
Started iteration:  random_0.5_stubbornness_0.27636363636363637
Started iteration:  random_0.5_stubbornness_0.2787878787878788
Started iteration:  random_0.5_stubbornness_0.2812121212121212
Started iteration:  random_0.5_stubbornness_0.28363636363636363
Started iteration:  random_0.5_stubbornness_0.28606060606060607
Started iteration:  random_0.5_stubbornness_0.2884848484848485
Started iteration:  random_0.5_stubbornness_0.2909090909090909
Started iteration:  random_0.5_stubbornness_0.29333333333333333
Started iteration:  random_0.5_stubbornness_0.2957575757575758
Started iteration:  random_0.5_stubbornness_0.29818181818181816
Started iteration:  random_0.5_stubbornness_0.3006060606060606
Started iteration:  random_0.5_stubbornness_0.30303030303030304
Started iteration:  random_0.5_stubbornness_0.3054545454545455
Started iteration:  random_0.5_stubbornness_0.30787878787878786
Started iteration:  random_0.5_stubbornness_0.3103030303030303
Started iteration:  random_0.5_stubbornness_0.31272727272727274
Started iteration:  random_0.5_stubbornness_0.3151515151515151
Started iteration:  random_0.5_stubbornness_0.31757575757575757
Started iteration:  random_0.5_stubbornness_0.32
Runtime was complete:  9947 mins 0.9529132843017578s

Started iteration:  random_0.5_stubbornness_0.01
Started iteration:  random_0.5_stubbornness_0.02
Started iteration:  random_0.5_stubbornness_0.03
Started iteration:  random_0.5_stubbornness_0.04
Started iteration:  random_0.5_stubbornness_0.05
Started iteration:  random_0.5_stubbornness_0.060000000000000005
Started iteration:  random_0.5_stubbornness_0.06999999999999999
Started iteration:  random_0.5_stubbornness_0.08
Started iteration:  random_0.5_stubbornness_0.09
Started iteration:  random_0.5_stubbornness_0.09999999999999999
Started iteration:  random_0.5_stubbornness_0.11
Started iteration:  random_0.5_stubbornness_0.12
Started iteration:  random_0.5_stubbornness_0.13
Started iteration:  random_0.5_stubbornness_0.14
Started iteration:  random_0.5_stubbornness_0.15000000000000002
Started iteration:  random_0.5_stubbornness_0.16
Started iteration:  random_0.5_stubbornness_0.17
Started iteration:  random_0.5_stubbornness_0.18000000000000002
Started iteration:  random_0.5_stubbornness_0.19
Started iteration:  random_0.5_stubbornness_0.2
Started iteration:  random_0.5_stubbornness_0.21000000000000002
Started iteration:  random_0.5_stubbornness_0.22
Started iteration:  random_0.5_stubbornness_0.23
Started iteration:  random_0.5_stubbornness_0.24000000000000002
Started iteration:  random_0.5_stubbornness_0.25
Started iteration:  random_0.5_stubbornness_0.26
Started iteration:  random_0.5_stubbornness_0.27
Started iteration:  random_0.5_stubbornness_0.28
Started iteration:  random_0.5_stubbornness_0.29000000000000004
Started iteration:  random_0.5_stubbornness_0.3
Started iteration:  random_0.5_stubbornness_0.31
Started iteration:  random_0.5_stubbornness_0.32
Started iteration:  random_0.5_stubbornness_0.33
Started iteration:  random_0.5_stubbornness_0.34
Started iteration:  random_0.5_stubbornness_0.35000000000000003
Started iteration:  random_0.5_stubbornness_0.36000000000000004
Started iteration:  random_0.5_stubbornness_0.37
Started iteration:  random_0.5_stubbornness_0.38
Started iteration:  random_0.5_stubbornness_0.39
Started iteration:  random_0.5_stubbornness_0.4
Started iteration:  random_0.5_stubbornness_0.41000000000000003
Started iteration:  random_0.5_stubbornness_0.42000000000000004
Started iteration:  random_0.5_stubbornness_0.43
Started iteration:  random_0.5_stubbornness_0.44
Started iteration:  random_0.5_stubbornness_0.45
Started iteration:  random_0.5_stubbornness_0.46
Started iteration:  random_0.5_stubbornness_0.47000000000000003
Started iteration:  random_0.5_stubbornness_0.48000000000000004
Started iteration:  random_0.5_stubbornness_0.49
Started iteration:  random_0.5_stubbornness_0.5
Started iteration:  random_0.5_stubbornness_0.51
Started iteration:  random_0.5_stubbornness_0.52
Started iteration:  random_0.5_stubbornness_0.53
Started iteration:  random_0.5_stubbornness_0.54
Started iteration:  random_0.5_stubbornness_0.55
Started iteration:  random_0.5_stubbornness_0.56
Started iteration:  random_0.5_stubbornness_0.5700000000000001
Started iteration:  random_0.5_stubbornness_0.5800000000000001
Started iteration:  random_0.5_stubbornness_0.59
Started iteration:  random_0.5_stubbornness_0.6
Started iteration:  random_0.5_stubbornness_0.61
Started iteration:  random_0.5_stubbornness_0.62
Started iteration:  random_0.5_stubbornness_0.63
Started iteration:  random_0.5_stubbornness_0.64
Started iteration:  random_0.5_stubbornness_0.65
Started iteration:  random_0.5_stubbornness_0.66
Started iteration:  random_0.5_stubbornness_0.67
Started iteration:  random_0.5_stubbornness_0.68
Started iteration:  random_0.5_stubbornness_0.6900000000000001
Started iteration:  random_0.5_stubbornness_0.7000000000000001
Started iteration:  random_0.5_stubbornness_0.7100000000000001
Started iteration:  random_0.5_stubbornness_0.72
Started iteration:  random_0.5_stubbornness_0.73
Started iteration:  random_0.5_stubbornness_0.74
Started iteration:  random_0.5_stubbornness_0.75
Started iteration:  random_0.5_stubbornness_0.76
Started iteration:  random_0.5_stubbornness_0.77
Started iteration:  random_0.5_stubbornness_0.78
Started iteration:  random_0.5_stubbornness_0.79
Started iteration:  random_0.5_stubbornness_0.8
Started iteration:  random_0.5_stubbornness_0.81
Started iteration:  random_0.5_stubbornness_0.8200000000000001
Started iteration:  random_0.5_stubbornness_0.8300000000000001
Started iteration:  random_0.5_stubbornness_0.8400000000000001
Started iteration:  random_0.5_stubbornness_0.85
Started iteration:  random_0.5_stubbornness_0.86
Started iteration:  random_0.5_stubbornness_0.87
Started iteration:  random_0.5_stubbornness_0.88
Started iteration:  random_0.5_stubbornness_0.89
Started iteration:  random_0.5_stubbornness_0.9
Started iteration:  random_0.5_stubbornness_0.91
Started iteration:  random_0.5_stubbornness_0.92
Started iteration:  random_0.5_stubbornness_0.93
Started iteration:  random_0.5_stubbornness_0.9400000000000001
Started iteration:  random_0.5_stubbornness_0.9500000000000001
Started iteration:  random_0.5_stubbornness_0.9600000000000001
Started iteration:  random_0.5_stubbornness_0.97
Started iteration:  random_0.5_stubbornness_0.98
Started iteration:  random_0.5_stubbornness_0.99
Started iteration:  random_0.5_stubbornness_1.0
Runtime was complete: 11790 mins 0.004762887954711914s

Started iteration:  bridge_0.5_stubbornness_0.01
Started iteration:  bridge_0.5_stubbornness_0.02291666666666667
Started iteration:  bridge_0.5_stubbornness_0.035833333333333335
Started iteration:  bridge_0.5_stubbornness_0.04875
Started iteration:  bridge_0.5_stubbornness_0.06166666666666667
Started iteration:  bridge_0.5_stubbornness_0.07458333333333332
Started iteration:  bridge_0.5_stubbornness_0.0875
Started iteration:  bridge_0.5_stubbornness_0.10041666666666667
Started iteration:  bridge_0.5_stubbornness_0.11333333333333333
Started iteration:  bridge_0.5_stubbornness_0.12625
Started iteration:  bridge_0.5_stubbornness_0.13916666666666666
Started iteration:  bridge_0.5_stubbornness_0.15208333333333335
Started iteration:  bridge_0.5_stubbornness_0.165
Started iteration:  bridge_0.5_stubbornness_0.17791666666666667
Started iteration:  bridge_0.5_stubbornness_0.19083333333333335
Started iteration:  bridge_0.5_stubbornness_0.20375000000000001
Started iteration:  bridge_0.5_stubbornness_0.21666666666666667
Started iteration:  bridge_0.5_stubbornness_0.22958333333333333
Started iteration:  bridge_0.5_stubbornness_0.2425
Started iteration:  bridge_0.5_stubbornness_0.2554166666666667
Started iteration:  bridge_0.5_stubbornness_0.2683333333333333
Started iteration:  bridge_0.5_stubbornness_0.28125
Started iteration:  bridge_0.5_stubbornness_0.2941666666666667
Started iteration:  bridge_0.5_stubbornness_0.3070833333333333
Started iteration:  bridge_0.5_stubbornness_0.32
Runtime was complete:  5281 mins 16.771496534347534s

Traceback (most recent call last):
  File "heatmap_parameter_sweep.py", line 165, in <module>
    fname = f'./Output/heatmap_sweep_{date}_{scenario_list[0]}_{"_".join(str(x) for x in parameters)}.csv'
NameError: name 'scenario_list' is not defined
Started iteration:  bridge_0.5_stubbornness_0.01
Started iteration:  bridge_0.5_stubbornness_0.02291666666666667
Started iteration:  bridge_0.5_stubbornness_0.035833333333333335
Started iteration:  bridge_0.5_stubbornness_0.04875
Started iteration:  bridge_0.5_stubbornness_0.06166666666666667
Started iteration:  bridge_0.5_stubbornness_0.07458333333333332
Started iteration:  bridge_0.5_stubbornness_0.0875
Started iteration:  bridge_0.5_stubbornness_0.10041666666666667
Started iteration:  bridge_0.5_stubbornness_0.11333333333333333
Started iteration:  bridge_0.5_stubbornness_0.12625
Started iteration:  bridge_0.5_stubbornness_0.13916666666666666
Started iteration:  bridge_0.5_stubbornness_0.15208333333333335
Started iteration:  bridge_0.5_stubbornness_0.165
Started iteration:  bridge_0.5_stubbornness_0.17791666666666667
Started iteration:  bridge_0.5_stubbornness_0.19083333333333335
Started iteration:  bridge_0.5_stubbornness_0.20375000000000001
Started iteration:  bridge_0.5_stubbornness_0.21666666666666667
Started iteration:  bridge_0.5_stubbornness_0.22958333333333333
Started iteration:  bridge_0.5_stubbornness_0.2425
Started iteration:  bridge_0.5_stubbornness_0.2554166666666667
Started iteration:  bridge_0.5_stubbornness_0.2683333333333333
Started iteration:  bridge_0.5_stubbornness_0.28125
Started iteration:  bridge_0.5_stubbornness_0.2941666666666667
Started iteration:  bridge_0.5_stubbornness_0.3070833333333333
Started iteration:  bridge_0.5_stubbornness_0.32
Runtime was complete:  3228 mins 4.616196632385254s

python: can't open file 'heatmap_parameter_sweep': [Errno 2] No such file or directory
Started iteration:  random_0.5_stubbornness_0.01
Started iteration:  random_0.5_stubbornness_0.013311036789297659
Started iteration:  random_0.5_stubbornness_0.01662207357859532
Started iteration:  random_0.5_stubbornness_0.019933110367892977
Started iteration:  random_0.5_stubbornness_0.023244147157190635
Started iteration:  random_0.5_stubbornness_0.026555183946488294
Started iteration:  random_0.5_stubbornness_0.029866220735785952
Started iteration:  random_0.5_stubbornness_0.03317725752508361
Started iteration:  random_0.5_stubbornness_0.03648829431438127
Started iteration:  random_0.5_stubbornness_0.03979933110367893
Started iteration:  random_0.5_stubbornness_0.04311036789297659
Started iteration:  random_0.5_stubbornness_0.04642140468227425
Started iteration:  random_0.5_stubbornness_0.04973244147157191
Started iteration:  random_0.5_stubbornness_0.05304347826086957
Started iteration:  random_0.5_stubbornness_0.056354515050167225
Started iteration:  random_0.5_stubbornness_0.059665551839464884
Started iteration:  random_0.5_stubbornness_0.06297658862876254
Started iteration:  random_0.5_stubbornness_0.0662876254180602
Started iteration:  random_0.5_stubbornness_0.06959866220735786
Started iteration:  random_0.5_stubbornness_0.07290969899665552
Started iteration:  random_0.5_stubbornness_0.07622073578595318
Started iteration:  random_0.5_stubbornness_0.07953177257525083
Started iteration:  random_0.5_stubbornness_0.08284280936454849
Started iteration:  random_0.5_stubbornness_0.08615384615384615
Started iteration:  random_0.5_stubbornness_0.08946488294314381
Started iteration:  random_0.5_stubbornness_0.09277591973244147
Started iteration:  random_0.5_stubbornness_0.09608695652173913
Started iteration:  random_0.5_stubbornness_0.09939799331103678
Started iteration:  random_0.5_stubbornness_0.10270903010033444
Started iteration:  random_0.5_stubbornness_0.1060200668896321
Started iteration:  random_0.5_stubbornness_0.10933110367892976
Started iteration:  random_0.5_stubbornness_0.11264214046822742
Started iteration:  random_0.5_stubbornness_0.11595317725752508
Started iteration:  random_0.5_stubbornness_0.11926421404682273
Started iteration:  random_0.5_stubbornness_0.12257525083612039
Started iteration:  random_0.5_stubbornness_0.12588628762541806
Started iteration:  random_0.5_stubbornness_0.1291973244147157
Started iteration:  random_0.5_stubbornness_0.13250836120401338
Started iteration:  random_0.5_stubbornness_0.13581939799331105
Started iteration:  random_0.5_stubbornness_0.1391304347826087
Started iteration:  random_0.5_stubbornness_0.14244147157190637
Started iteration:  random_0.5_stubbornness_0.14575250836120401
Started iteration:  random_0.5_stubbornness_0.1490635451505017
Started iteration:  random_0.5_stubbornness_0.15237458193979933
Started iteration:  random_0.5_stubbornness_0.155685618729097
Started iteration:  random_0.5_stubbornness_0.15899665551839465
Started iteration:  random_0.5_stubbornness_0.16230769230769232
Started iteration:  random_0.5_stubbornness_0.16561872909698996
Started iteration:  random_0.5_stubbornness_0.16892976588628764
Started iteration:  random_0.5_stubbornness_0.17224080267558528
Started iteration:  random_0.5_stubbornness_0.17555183946488295
Started iteration:  random_0.5_stubbornness_0.1788628762541806
Started iteration:  random_0.5_stubbornness_0.18217391304347827
Started iteration:  random_0.5_stubbornness_0.1854849498327759
Started iteration:  random_0.5_stubbornness_0.18879598662207359
Started iteration:  random_0.5_stubbornness_0.19210702341137123
Started iteration:  random_0.5_stubbornness_0.1954180602006689
Started iteration:  random_0.5_stubbornness_0.19872909698996655
Started iteration:  random_0.5_stubbornness_0.20204013377926422
Started iteration:  random_0.5_stubbornness_0.20535117056856186
Started iteration:  random_0.5_stubbornness_0.20866220735785954
Started iteration:  random_0.5_stubbornness_0.21197324414715718
Started iteration:  random_0.5_stubbornness_0.21528428093645485
Started iteration:  random_0.5_stubbornness_0.2185953177257525
Started iteration:  random_0.5_stubbornness_0.22190635451505017
Started iteration:  random_0.5_stubbornness_0.22521739130434784
Started iteration:  random_0.5_stubbornness_0.22852842809364549
Started iteration:  random_0.5_stubbornness_0.23183946488294316
Started iteration:  random_0.5_stubbornness_0.2351505016722408
Started iteration:  random_0.5_stubbornness_0.23846153846153847
Started iteration:  random_0.5_stubbornness_0.24177257525083612
Started iteration:  random_0.5_stubbornness_0.2450836120401338
Started iteration:  random_0.5_stubbornness_0.24839464882943144
Started iteration:  random_0.5_stubbornness_0.2517056856187291
Started iteration:  random_0.5_stubbornness_0.25501672240802675
Started iteration:  random_0.5_stubbornness_0.2583277591973244
Started iteration:  random_0.5_stubbornness_0.2616387959866221
Started iteration:  random_0.5_stubbornness_0.2649498327759197
Started iteration:  random_0.5_stubbornness_0.2682608695652174
Started iteration:  random_0.5_stubbornness_0.27157190635451506
Started iteration:  random_0.5_stubbornness_0.27488294314381273
Started iteration:  random_0.5_stubbornness_0.27819397993311035
Started iteration:  random_0.5_stubbornness_0.281505016722408
Started iteration:  random_0.5_stubbornness_0.2848160535117057
Started iteration:  random_0.5_stubbornness_0.28812709030100336
Started iteration:  random_0.5_stubbornness_0.291438127090301
Started iteration:  random_0.5_stubbornness_0.29474916387959865
Started iteration:  random_0.5_stubbornness_0.2980602006688963
Started iteration:  random_0.5_stubbornness_0.301371237458194
Started iteration:  random_0.5_stubbornness_0.3046822742474916
Started iteration:  random_0.5_stubbornness_0.3079933110367893
Started iteration:  random_0.5_stubbornness_0.31130434782608696
Started iteration:  random_0.5_stubbornness_0.31461538461538463
Started iteration:  random_0.5_stubbornness_0.31792642140468225
Started iteration:  random_0.5_stubbornness_0.3212374581939799
Started iteration:  random_0.5_stubbornness_0.3245484949832776
Started iteration:  random_0.5_stubbornness_0.32785953177257526
Started iteration:  random_0.5_stubbornness_0.33117056856187294
Started iteration:  random_0.5_stubbornness_0.33448160535117055
Started iteration:  random_0.5_stubbornness_0.3377926421404682
Started iteration:  random_0.5_stubbornness_0.3411036789297659
Started iteration:  random_0.5_stubbornness_0.34441471571906357
Started iteration:  random_0.5_stubbornness_0.3477257525083612
Started iteration:  random_0.5_stubbornness_0.35103678929765886
Started iteration:  random_0.5_stubbornness_0.35434782608695653
Started iteration:  random_0.5_stubbornness_0.3576588628762542
Started iteration:  random_0.5_stubbornness_0.3609698996655518
Started iteration:  random_0.5_stubbornness_0.3642809364548495
Started iteration:  random_0.5_stubbornness_0.36759197324414716
Started iteration:  random_0.5_stubbornness_0.37090301003344484
Started iteration:  random_0.5_stubbornness_0.37421404682274245
Started iteration:  random_0.5_stubbornness_0.3775250836120401
Started iteration:  random_0.5_stubbornness_0.3808361204013378
Started iteration:  random_0.5_stubbornness_0.38414715719063547
Started iteration:  random_0.5_stubbornness_0.3874581939799331
Started iteration:  random_0.5_stubbornness_0.39076923076923076
Started iteration:  random_0.5_stubbornness_0.39408026755852843
Started iteration:  random_0.5_stubbornness_0.3973913043478261
Started iteration:  random_0.5_stubbornness_0.4007023411371237
Started iteration:  random_0.5_stubbornness_0.4040133779264214
Started iteration:  random_0.5_stubbornness_0.40732441471571906
Started iteration:  random_0.5_stubbornness_0.41063545150501674
Started iteration:  random_0.5_stubbornness_0.41394648829431435
Started iteration:  random_0.5_stubbornness_0.417257525083612
Started iteration:  random_0.5_stubbornness_0.4205685618729097
Started iteration:  random_0.5_stubbornness_0.42387959866220737
Started iteration:  random_0.5_stubbornness_0.427190635451505
Started iteration:  random_0.5_stubbornness_0.43050167224080266
Started iteration:  random_0.5_stubbornness_0.43381270903010033
Started iteration:  random_0.5_stubbornness_0.437123745819398
Started iteration:  random_0.5_stubbornness_0.4404347826086957
Started iteration:  random_0.5_stubbornness_0.4437458193979933
Started iteration:  random_0.5_stubbornness_0.44705685618729096
Started iteration:  random_0.5_stubbornness_0.45036789297658864
Started iteration:  random_0.5_stubbornness_0.4536789297658863
Started iteration:  random_0.5_stubbornness_0.4569899665551839
Started iteration:  random_0.5_stubbornness_0.4603010033444816
Started iteration:  random_0.5_stubbornness_0.46361204013377927
Started iteration:  random_0.5_stubbornness_0.46692307692307694
Started iteration:  random_0.5_stubbornness_0.47023411371237456
Started iteration:  random_0.5_stubbornness_0.47354515050167223
Started iteration:  random_0.5_stubbornness_0.4768561872909699
Started iteration:  random_0.5_stubbornness_0.4801672240802676
Started iteration:  random_0.5_stubbornness_0.4834782608695652
Started iteration:  random_0.5_stubbornness_0.48678929765886286
Started iteration:  random_0.5_stubbornness_0.49010033444816054
Started iteration:  random_0.5_stubbornness_0.4934113712374582
Started iteration:  random_0.5_stubbornness_0.4967224080267558
Started iteration:  random_0.5_stubbornness_0.5000334448160535
Started iteration:  random_0.5_stubbornness_0.5033444816053512
Started iteration:  random_0.5_stubbornness_0.5066555183946488
Started iteration:  random_0.5_stubbornness_0.5099665551839464
Started iteration:  random_0.5_stubbornness_0.5132775919732442
Started iteration:  random_0.5_stubbornness_0.5165886287625417
Started iteration:  random_0.5_stubbornness_0.5198996655518394
Started iteration:  random_0.5_stubbornness_0.5232107023411371
Started iteration:  random_0.5_stubbornness_0.5265217391304348
Started iteration:  random_0.5_stubbornness_0.5298327759197324
Started iteration:  random_0.5_stubbornness_0.5331438127090301
Started iteration:  random_0.5_stubbornness_0.5364548494983278
Started iteration:  random_0.5_stubbornness_0.5397658862876255
Started iteration:  random_0.5_stubbornness_0.5430769230769231
Started iteration:  random_0.5_stubbornness_0.5463879598662207
Started iteration:  random_0.5_stubbornness_0.5496989966555184
Started iteration:  random_0.5_stubbornness_0.553010033444816
Started iteration:  random_0.5_stubbornness_0.5563210702341137
Started iteration:  random_0.5_stubbornness_0.5596321070234114
Started iteration:  random_0.5_stubbornness_0.562943143812709
Started iteration:  random_0.5_stubbornness_0.5662541806020067
Started iteration:  random_0.5_stubbornness_0.5695652173913044
Started iteration:  random_0.5_stubbornness_0.572876254180602
Started iteration:  random_0.5_stubbornness_0.5761872909698996
Started iteration:  random_0.5_stubbornness_0.5794983277591973
Started iteration:  random_0.5_stubbornness_0.582809364548495
Started iteration:  random_0.5_stubbornness_0.5861204013377926
Started iteration:  random_0.5_stubbornness_0.5894314381270903
Started iteration:  random_0.5_stubbornness_0.592742474916388
Started iteration:  random_0.5_stubbornness_0.5960535117056857
Started iteration:  random_0.5_stubbornness_0.5993645484949832
Started iteration:  random_0.5_stubbornness_0.6026755852842809
Started iteration:  random_0.5_stubbornness_0.6059866220735786
Started iteration:  random_0.5_stubbornness_0.6092976588628762
Started iteration:  random_0.5_stubbornness_0.6126086956521739
Started iteration:  random_0.5_stubbornness_0.6159197324414716
Started iteration:  random_0.5_stubbornness_0.6192307692307693
Started iteration:  random_0.5_stubbornness_0.6225418060200669
Started iteration:  random_0.5_stubbornness_0.6258528428093645
Started iteration:  random_0.5_stubbornness_0.6291638795986622
Started iteration:  random_0.5_stubbornness_0.6324749163879598
Started iteration:  random_0.5_stubbornness_0.6357859531772575
Started iteration:  random_0.5_stubbornness_0.6390969899665552
Started iteration:  random_0.5_stubbornness_0.6424080267558528
Started iteration:  random_0.5_stubbornness_0.6457190635451505
Started iteration:  random_0.5_stubbornness_0.6490301003344482
Started iteration:  random_0.5_stubbornness_0.6523411371237459
Started iteration:  random_0.5_stubbornness_0.6556521739130434
Started iteration:  random_0.5_stubbornness_0.6589632107023411
Started iteration:  random_0.5_stubbornness_0.6622742474916388
Started iteration:  random_0.5_stubbornness_0.6655852842809364
Started iteration:  random_0.5_stubbornness_0.6688963210702341
Started iteration:  random_0.5_stubbornness_0.6722073578595318
Started iteration:  random_0.5_stubbornness_0.6755183946488295
Started iteration:  random_0.5_stubbornness_0.6788294314381271
Started iteration:  random_0.5_stubbornness_0.6821404682274247
Started iteration:  random_0.5_stubbornness_0.6854515050167224
Started iteration:  random_0.5_stubbornness_0.68876254180602
Started iteration:  random_0.5_stubbornness_0.6920735785953177
Started iteration:  random_0.5_stubbornness_0.6953846153846154
Started iteration:  random_0.5_stubbornness_0.698695652173913
Started iteration:  random_0.5_stubbornness_0.7020066889632107
Started iteration:  random_0.5_stubbornness_0.7053177257525084
Started iteration:  random_0.5_stubbornness_0.708628762541806
Started iteration:  random_0.5_stubbornness_0.7119397993311036
Started iteration:  random_0.5_stubbornness_0.7152508361204013
Started iteration:  random_0.5_stubbornness_0.718561872909699
Started iteration:  random_0.5_stubbornness_0.7218729096989966
Started iteration:  random_0.5_stubbornness_0.7251839464882943
Started iteration:  random_0.5_stubbornness_0.728494983277592
Started iteration:  random_0.5_stubbornness_0.7318060200668897
Started iteration:  random_0.5_stubbornness_0.7351170568561872
Started iteration:  random_0.5_stubbornness_0.7384280936454849
Started iteration:  random_0.5_stubbornness_0.7417391304347826
Started iteration:  random_0.5_stubbornness_0.7450501672240802
Started iteration:  random_0.5_stubbornness_0.7483612040133779
Started iteration:  random_0.5_stubbornness_0.7516722408026756
Started iteration:  random_0.5_stubbornness_0.7549832775919733
Started iteration:  random_0.5_stubbornness_0.7582943143812709
Started iteration:  random_0.5_stubbornness_0.7616053511705686
Started iteration:  random_0.5_stubbornness_0.7649163879598662
Started iteration:  random_0.5_stubbornness_0.7682274247491638
Started iteration:  random_0.5_stubbornness_0.7715384615384615
Started iteration:  random_0.5_stubbornness_0.7748494983277592
Started iteration:  random_0.5_stubbornness_0.7781605351170569
Started iteration:  random_0.5_stubbornness_0.7814715719063545
Started iteration:  random_0.5_stubbornness_0.7847826086956522
Started iteration:  random_0.5_stubbornness_0.7880936454849499
Started iteration:  random_0.5_stubbornness_0.7914046822742474
Started iteration:  random_0.5_stubbornness_0.7947157190635451
Started iteration:  random_0.5_stubbornness_0.7980267558528428
Started iteration:  random_0.5_stubbornness_0.8013377926421404
Started iteration:  random_0.5_stubbornness_0.8046488294314381
Started iteration:  random_0.5_stubbornness_0.8079598662207358
Started iteration:  random_0.5_stubbornness_0.8112709030100335
Started iteration:  random_0.5_stubbornness_0.8145819397993311
Started iteration:  random_0.5_stubbornness_0.8178929765886287
Started iteration:  random_0.5_stubbornness_0.8212040133779264
Started iteration:  random_0.5_stubbornness_0.824515050167224
Started iteration:  random_0.5_stubbornness_0.8278260869565217
Started iteration:  random_0.5_stubbornness_0.8311371237458194
Started iteration:  random_0.5_stubbornness_0.8344481605351171
Started iteration:  random_0.5_stubbornness_0.8377591973244147
Started iteration:  random_0.5_stubbornness_0.8410702341137124
Started iteration:  random_0.5_stubbornness_0.84438127090301
Started iteration:  random_0.5_stubbornness_0.8476923076923076
Started iteration:  random_0.5_stubbornness_0.8510033444816053
Started iteration:  random_0.5_stubbornness_0.854314381270903
Started iteration:  random_0.5_stubbornness_0.8576254180602007
Started iteration:  random_0.5_stubbornness_0.8609364548494983
Started iteration:  random_0.5_stubbornness_0.864247491638796
Started iteration:  random_0.5_stubbornness_0.8675585284280937
Started iteration:  random_0.5_stubbornness_0.8708695652173913
Started iteration:  random_0.5_stubbornness_0.8741806020066889
Started iteration:  random_0.5_stubbornness_0.8774916387959866
Started iteration:  random_0.5_stubbornness_0.8808026755852842
Started iteration:  random_0.5_stubbornness_0.8841137123745819
Started iteration:  random_0.5_stubbornness_0.8874247491638796
Started iteration:  random_0.5_stubbornness_0.8907357859531773
Started iteration:  random_0.5_stubbornness_0.8940468227424749
Started iteration:  random_0.5_stubbornness_0.8973578595317726
Started iteration:  random_0.5_stubbornness_0.9006688963210702
Started iteration:  random_0.5_stubbornness_0.9039799331103678
Started iteration:  random_0.5_stubbornness_0.9072909698996655
Started iteration:  random_0.5_stubbornness_0.9106020066889632
Started iteration:  random_0.5_stubbornness_0.9139130434782609
Started iteration:  random_0.5_stubbornness_0.9172240802675585
Started iteration:  random_0.5_stubbornness_0.9205351170568562
Started iteration:  random_0.5_stubbornness_0.9238461538461539
Started iteration:  random_0.5_stubbornness_0.9271571906354514
Started iteration:  random_0.5_stubbornness_0.9304682274247491
Started iteration:  random_0.5_stubbornness_0.9337792642140468
Started iteration:  random_0.5_stubbornness_0.9370903010033445
Started iteration:  random_0.5_stubbornness_0.9404013377926421
Started iteration:  random_0.5_stubbornness_0.9437123745819398
Started iteration:  random_0.5_stubbornness_0.9470234113712375
Started iteration:  random_0.5_stubbornness_0.9503344481605351
Started iteration:  random_0.5_stubbornness_0.9536454849498327
Started iteration:  random_0.5_stubbornness_0.9569565217391304
Started iteration:  random_0.5_stubbornness_0.960267558528428
Started iteration:  random_0.5_stubbornness_0.9635785953177257
Started iteration:  random_0.5_stubbornness_0.9668896321070234
Started iteration:  random_0.5_stubbornness_0.9702006688963211
Started iteration:  random_0.5_stubbornness_0.9735117056856187
Started iteration:  random_0.5_stubbornness_0.9768227424749164
Started iteration:  random_0.5_stubbornness_0.9801337792642141
Started iteration:  random_0.5_stubbornness_0.9834448160535116
Started iteration:  random_0.5_stubbornness_0.9867558528428093
Started iteration:  random_0.5_stubbornness_0.990066889632107
Started iteration:  random_0.5_stubbornness_0.9933779264214047
Started iteration:  random_0.5_stubbornness_0.9966889632107023
Started iteration:  random_0.5_stubbornness_1.0
Runtime was complete: 40791 mins 26.659534454345703s

